<?xml version="1.0" encoding="UTF-8"?>
<!-- Generated by org.testng.reporters.JUnitReportReporter -->
<testsuite hostname="DESKTOP-5NN2GMC" failures="0" tests="1" name="testPackage.DeleteAllTestCase" time="6.821" errors="0" timestamp="2024-01-13T16:00:58 IST" skipped="0">
  <testcase classname="testPackage.DeleteAllTestCase" name="deleteMethod" time="6.821">
    <system-out>
      <![CDATA[onTestStart
onTestSuccess]]>
    </system-out>
  </testcase> <!-- deleteMethod -->
  <system-out>
    <![CDATA[onStart
onTestStart
onTestSuccess
onTestStart
onTestSuccess
onTestStart
onTestSuccess
onTestStart
onTestSuccess
onTestStart
onTestSuccess]]>
  </system-out>
</testsuite> <!-- testPackage.DeleteAllTestCase -->
