<?xml version="1.0" encoding="UTF-8"?>
<!-- Generated by org.testng.reporters.JUnitReportReporter -->
<testsuite hostname="DESKTOP-5NN2GMC" failures="0" tests="1" name="testPackage.CeateNewCustomers_ProjectsTestCase" time="11.138" errors="0" timestamp="2024-01-13T16:00:58 IST" skipped="0">
  <testcase classname="testPackage.CeateNewCustomers_ProjectsTestCase" name="createNewCustomers_Projects" time="11.138">
    <system-out>
      <![CDATA[onTestStart
onTestSuccess]]>
    </system-out>
  </testcase> <!-- createNewCustomers_Projects -->
  <system-out>
    <![CDATA[onStart
onTestStart
onTestSuccess
onTestStart
onTestSuccess
onTestStart
onTestSuccess
onTestStart
onTestSuccess
onTestStart
onTestSuccess]]>
  </system-out>
</testsuite> <!-- testPackage.CeateNewCustomers_ProjectsTestCase -->
